[www.thetahmid.com/themes/xemart-v1.0/index.html]
[backblue.gif]
[fade.gif]
[index.html]
[www.thetahmid.com/themes/xemart-v1.0/images/favicon.ico]
[www.thetahmid.com/themes/xemart-v1.0/css/assets/bootstrap.min.css]
[www.thetahmid.com/themes/xemart-v1.0/css/assets/font-awesome.min.css]
[www.thetahmid.com/themes/xemart-v1.0/css/assets/animate.css]
[www.thetahmid.com/themes/xemart-v1.0/css/assets/owl.carousel.min.css]
[www.thetahmid.com/themes/xemart-v1.0/css/assets/normalize.css]
[www.thetahmid.com/themes/xemart-v1.0/css/style.css]
[www.thetahmid.com/themes/xemart-v1.0/css/assets/responsive.css]
[www.thetahmid.com/themes/xemart-v1.0/images/fl-eng.png]
[www.thetahmid.com/themes/xemart-v1.0/images/fl-fra.png]
[www.thetahmid.com/themes/xemart-v1.0/images/fl-ger.png]
[www.thetahmid.com/themes/xemart-v1.0/images/fl-bra.png]
[www.thetahmid.com/themes/xemart-v1.0/images/user.png]
[www.thetahmid.com/themes/xemart-v1.0/images/wishlist.png]
[www.thetahmid.com/themes/xemart-v1.0/images/checkout.png]
[www.thetahmid.com/themes/xemart-v1.0/images/login.png]
[www.thetahmid.com/themes/xemart-v1.0/images/logo.png]
[www.thetahmid.com/themes/xemart-v1.0/images/call.png]
[www.thetahmid.com/themes/xemart-v1.0/images/cart.png]
[www.thetahmid.com/themes/xemart-v1.0/images/close.png]
[www.thetahmid.com/themes/xemart-v1.0/images/cart1.png]
[www.thetahmid.com/themes/xemart-v1.0/images/cart2.png]
[www.thetahmid.com/themes/xemart-v1.0/index-2.html]
[www.thetahmid.com/themes/xemart-v1.0/02-home-two.html]
[www.thetahmid.com/themes/xemart-v1.0/images/mega-img-1.jpg]
[www.thetahmid.com/themes/xemart-v1.0/images/mega-img-2.jpg]
[www.thetahmid.com/themes/xemart-v1.0/images/mega-img-3.jpg]
[www.thetahmid.com/themes/xemart-v1.0/images/mega-1.jpg]
[www.thetahmid.com/themes/xemart-v1.0/images/mega-2.jpg]
[www.thetahmid.com/themes/xemart-v1.0/images/mega-b-1.jpg]
[www.thetahmid.com/themes/xemart-v1.0/images/mega-b-2.jpg]
[www.thetahmid.com/themes/xemart-v1.0/images/mega-b-3.jpg]
[www.thetahmid.com/themes/xemart-v1.0/images/mega-b-4.jpg]
[www.thetahmid.com/themes/xemart-v1.0/03-about-us.html]
[www.thetahmid.com/themes/xemart-v1.0/04-category.html]
[www.thetahmid.com/themes/xemart-v1.0/05-single-product.html]
[www.thetahmid.com/themes/xemart-v1.0/06-shopping-cart.html]
[www.thetahmid.com/themes/xemart-v1.0/07-checkout.html]
[www.thetahmid.com/themes/xemart-v1.0/08-login.html]
[www.thetahmid.com/themes/xemart-v1.0/09-register.html]
[www.thetahmid.com/themes/xemart-v1.0/10-wishlist.html]
[www.thetahmid.com/themes/xemart-v1.0/11-compare.html]
[www.thetahmid.com/themes/xemart-v1.0/15-track-order.html]
[www.thetahmid.com/themes/xemart-v1.0/12-terms-condition.html]
[www.thetahmid.com/themes/xemart-v1.0/13-faq.html]
[www.thetahmid.com/themes/xemart-v1.0/14-404.html]
[www.thetahmid.com/themes/xemart-v1.0/16-blog-one.html]
[www.thetahmid.com/themes/xemart-v1.0/17-blog-two.html]
[www.thetahmid.com/themes/xemart-v1.0/18-blog-three.html]
[www.thetahmid.com/themes/xemart-v1.0/19-blog-details.html]
[www.thetahmid.com/themes/xemart-v1.0/20-contact.html]
[www.thetahmid.com/themes/xemart-v1.0/images/heart.png]
[www.thetahmid.com/themes/xemart-v1.0/images/m-cloth.png]
[www.thetahmid.com/themes/xemart-v1.0/images/ipn.png]
[www.thetahmid.com/themes/xemart-v1.0/images/w-cloth.png]
[www.thetahmid.com/themes/xemart-v1.0/images/tab.png]
[www.thetahmid.com/themes/xemart-v1.0/images/pbank.png]
[www.thetahmid.com/themes/xemart-v1.0/images/sm.png]
[www.thetahmid.com/themes/xemart-v1.0/images/com.png]
[www.thetahmid.com/themes/xemart-v1.0/images/tv.png]
[www.thetahmid.com/themes/xemart-v1.0/images/shoe.png]
[www.thetahmid.com/themes/xemart-v1.0/images/kid.png]
[www.thetahmid.com/themes/xemart-v1.0/images/watch.png]
[www.thetahmid.com/themes/xemart-v1.0/images/health.png]
[www.thetahmid.com/themes/xemart-v1.0/images/car.png]
[www.thetahmid.com/themes/xemart-v1.0/images/sport.png]
[www.thetahmid.com/themes/xemart-v1.0/images/girl-1.png]
[www.thetahmid.com/themes/xemart-v1.0/images/girl-2.png]
[www.thetahmid.com/themes/xemart-v1.0/images/sb-1.png]
[www.thetahmid.com/themes/xemart-v1.0/images/sb-2.png]
[www.thetahmid.com/themes/xemart-v1.0/images/sb-3.png]
[www.thetahmid.com/themes/xemart-v1.0/images/sbar-1.png]
[www.thetahmid.com/themes/xemart-v1.0/images/sbar-2.png]
[www.thetahmid.com/themes/xemart-v1.0/images/sbar-3.png]
[www.thetahmid.com/themes/xemart-v1.0/images/sbar-4.png]
[www.thetahmid.com/themes/xemart-v1.0/images/sbar-5.png]
[www.thetahmid.com/themes/xemart-v1.0/images/tab-15.png]
[www.thetahmid.com/themes/xemart-v1.0/images/tab-14.png]
[www.thetahmid.com/themes/xemart-v1.0/images/test-1.jpg]
[www.thetahmid.com/themes/xemart-v1.0/images/test-2.jpg]
[www.thetahmid.com/themes/xemart-v1.0/images/sbar-6.png]
[www.thetahmid.com/themes/xemart-v1.0/images/sbar-7.png]
[www.thetahmid.com/themes/xemart-v1.0/images/sbar-8.png]
[www.thetahmid.com/themes/xemart-v1.0/images/sbar-9.png]
[www.thetahmid.com/themes/xemart-v1.0/images/sbar-10.png]
[www.thetahmid.com/themes/xemart-v1.0/images/sbar-11.png]
[www.thetahmid.com/themes/xemart-v1.0/images/sbar-12.png]
[www.thetahmid.com/themes/xemart-v1.0/images/sbar-13.png]
[www.thetahmid.com/themes/xemart-v1.0/images/tab-1.png]
[www.thetahmid.com/themes/xemart-v1.0/images/tab-16.png]
[www.thetahmid.com/themes/xemart-v1.0/images/it-comp.png]
[www.thetahmid.com/themes/xemart-v1.0/images/it-fav.png]
[www.thetahmid.com/themes/xemart-v1.0/images/it-cart.png]
[www.thetahmid.com/themes/xemart-v1.0/images/tab-2.png]
[www.thetahmid.com/themes/xemart-v1.0/images/tab-3.png]
[www.thetahmid.com/themes/xemart-v1.0/images/tab-4.png]
[www.thetahmid.com/themes/xemart-v1.0/images/tab-6.png]
[www.thetahmid.com/themes/xemart-v1.0/images/tab-7.png]
[www.thetahmid.com/themes/xemart-v1.0/images/tab-8.png]
[www.thetahmid.com/themes/xemart-v1.0/images/tab-9.png]
[www.thetahmid.com/themes/xemart-v1.0/images/tab-11.png]
[www.thetahmid.com/themes/xemart-v1.0/images/tab-12.png]
[www.thetahmid.com/themes/xemart-v1.0/images/tab-13.png]
[www.thetahmid.com/themes/xemart-v1.0/images/banner-1.png]
[www.thetahmid.com/themes/xemart-v1.0/images/banner-2.png]
[www.thetahmid.com/themes/xemart-v1.0/images/banner-3.png]
[www.thetahmid.com/themes/xemart-v1.0/images/sbar-14.png]
[www.thetahmid.com/themes/xemart-v1.0/images/news-1.jpg]
[www.thetahmid.com/themes/xemart-v1.0/images/news-2.jpg]
[www.thetahmid.com/themes/xemart-v1.0/images/news-3.jpg]
[www.thetahmid.com/themes/xemart-v1.0/images/news-4.jpg]
[www.thetahmid.com/themes/xemart-v1.0/images/brand-01.png]
[www.thetahmid.com/themes/xemart-v1.0/images/brand-02.png]
[www.thetahmid.com/themes/xemart-v1.0/images/brand-03.png]
[www.thetahmid.com/themes/xemart-v1.0/images/brand-04.png]
[www.thetahmid.com/themes/xemart-v1.0/images/brand-05.png]
[www.thetahmid.com/themes/xemart-v1.0/images/brand-06.png]
[www.thetahmid.com/themes/xemart-v1.0/images/brand-07.png]
[www.thetahmid.com/themes/xemart-v1.0/images/payment.png]
[www.thetahmid.com/themes/xemart-v1.0/images/backtotop.png]
[www.thetahmid.com/themes/xemart-v1.0/js/assets/popper.min.js]
[www.thetahmid.com/themes/xemart-v1.0/js/assets/vendor/jquery-1.12.4.min.js]
[www.thetahmid.com/themes/xemart-v1.0/js/assets/bootstrap.min.js]
[www.thetahmid.com/themes/xemart-v1.0/js/assets/owl.carousel.min.js]
[www.thetahmid.com/themes/xemart-v1.0/js/assets/wow.min.js]
[www.thetahmid.com/themes/xemart-v1.0/js/assets/price-filter.js]
[www.thetahmid.com/themes/xemart-v1.0/js/assets/jquery.meanmenu.min.js]
[www.thetahmid.com/themes/xemart-v1.0/js/plugins.js]
[www.thetahmid.com/themes/xemart-v1.0/js/custom.js]
[www.thetahmid.com/themes/xemart-v1.0/index.html]
[www.thetahmid.com/themes/xemart-v1.0/css/assets/bootstrap.min.css]
[www.thetahmid.com/themes/xemart-v1.0/fonts/fontawesome-webfont3e6e.eot]
[www.thetahmid.com/themes/xemart-v1.0/fonts/fontawesome-webfontd41d.eot]
[www.thetahmid.com/themes/xemart-v1.0/fonts/fontawesome-webfont3e6e.woff2]
[www.thetahmid.com/themes/xemart-v1.0/fonts/fontawesome-webfont3e6e.woff]
[www.thetahmid.com/themes/xemart-v1.0/fonts/fontawesome-webfont3e6e.svg]
[www.thetahmid.com/themes/xemart-v1.0/css/assets/font-awesome.min.css]
[www.thetahmid.com/themes/xemart-v1.0/css/assets/animate.css]
[www.thetahmid.com/themes/xemart-v1.0/css/assets/owl.carousel.min.css]
[www.thetahmid.com/themes/xemart-v1.0/css/assets/normalize.css]
[www.thetahmid.com/themes/xemart-v1.0/css/style.css]
[www.thetahmid.com/themes/xemart-v1.0/css/assets/responsive.css]
[www.thetahmid.com/themes/xemart-v1.0/index-2.html]
[www.thetahmid.com/themes/xemart-v1.0/images/phn.png]
[www.thetahmid.com/themes/xemart-v1.0/images/sm-1.png]
[www.thetahmid.com/themes/xemart-v1.0/images/sm-2.png]
[www.thetahmid.com/themes/xemart-v1.0/images/service-1.png]
[www.thetahmid.com/themes/xemart-v1.0/images/service-2.png]
[www.thetahmid.com/themes/xemart-v1.0/images/service-3.png]
[www.thetahmid.com/themes/xemart-v1.0/images/appliance.jpg]
[www.thetahmid.com/themes/xemart-v1.0/images/f-banner-1.jpg]
[www.thetahmid.com/themes/xemart-v1.0/images/f-banner-2.jpg]
[www.thetahmid.com/themes/xemart-v1.0/images/m-banner-3.jpg]
[www.thetahmid.com/themes/xemart-v1.0/images/m-banner-4.jpg]
[www.thetahmid.com/themes/xemart-v1.0/images/m-banner-2.jpg]
[www.thetahmid.com/themes/xemart-v1.0/02-home-two.html]
[www.thetahmid.com/themes/xemart-v1.0/images/about.jpg]
[www.thetahmid.com/themes/xemart-v1.0/images/banner-3-1.png]
[www.thetahmid.com/themes/xemart-v1.0/images/team-1.jpg]
[www.thetahmid.com/themes/xemart-v1.0/images/team-2.jpg]
[www.thetahmid.com/themes/xemart-v1.0/images/team-3.jpg]
[www.thetahmid.com/themes/xemart-v1.0/images/team-4.jpg]
[www.thetahmid.com/themes/xemart-v1.0/03-about-us.html]
[www.thetahmid.com/themes/xemart-v1.0/images/s-banner2.jpg]
[www.thetahmid.com/themes/xemart-v1.0/04-category.html]
[www.thetahmid.com/themes/xemart-v1.0/images/testimonial-1.jpg]
[www.thetahmid.com/themes/xemart-v1.0/images/testimonial-2.jpg]
[www.thetahmid.com/themes/xemart-v1.0/05-single-product.html]
[www.thetahmid.com/themes/xemart-v1.0/06-shopping-cart.html]
[www.thetahmid.com/themes/xemart-v1.0/images/s-banner1.jpg]
[www.thetahmid.com/themes/xemart-v1.0/07-checkout.html]
[www.thetahmid.com/themes/xemart-v1.0/08-login.html]
[www.thetahmid.com/themes/xemart-v1.0/09-register.html]
[www.thetahmid.com/themes/xemart-v1.0/10-wishlist.html]
[www.thetahmid.com/themes/xemart-v1.0/11-compare.html]
[www.thetahmid.com/themes/xemart-v1.0/15-track-order.html]
[www.thetahmid.com/themes/xemart-v1.0/12-terms-condition.html]
[www.thetahmid.com/themes/xemart-v1.0/13-faq.html]
[www.thetahmid.com/themes/xemart-v1.0/14-404.html]
[www.thetahmid.com/themes/xemart-v1.0/images/news-5.jpg]
[www.thetahmid.com/themes/xemart-v1.0/images/news-6.jpg]
[www.thetahmid.com/themes/xemart-v1.0/16-blog-one.html]
[www.thetahmid.com/themes/xemart-v1.0/images/news-7.jpg]
[www.thetahmid.com/themes/xemart-v1.0/images/news-8.jpg]
[www.thetahmid.com/themes/xemart-v1.0/17-blog-two.html]
[www.thetahmid.com/themes/xemart-v1.0/18-blog-three.html]
[www.thetahmid.com/themes/xemart-v1.0/images/news-10.jpg]
[www.thetahmid.com/themes/xemart-v1.0/19-blog-details.html]
[www.thetahmid.com/themes/xemart-v1.0/20-contact.html]
[www.thetahmid.com/themes/xemart-v1.0/images/ele.png]
[www.thetahmid.com/themes/xemart-v1.0/images/tab-5.png]
[www.thetahmid.com/themes/xemart-v1.0/fonts/fontawesome-webfont3e6e.ttf]
[www.thetahmid.com/themes/xemart-v1.0/fonts/fontawesome-webfont3e6e.svg]
[www.thetahmid.com/themes/xemart-v1.0/css/assets/owl.video.play.html]
[www.thetahmid.com/themes/xemart-v1.0/images/news-9.jpg]
[www.thetahmid.com/themes/xemart-v1.0/images/tab-10.png]
[www.thetahmid.com/themes/xemart-v1.0/js/assets/map.js]
